<?xml version="1.0" encoding="UTF-8"?>
<testng-results ignored="0" total="1" passed="1" failed="0" skipped="0">
  <reporter-output>
  </reporter-output>
  <suite started-at="2024-08-28T14:53:13 IST" name="Default suite" finished-at="2024-08-28T14:53:38 IST" duration-ms="25233">
    <groups>
    </groups>
    <test started-at="2024-08-28T14:53:13 IST" name="Default test" finished-at="2024-08-28T14:53:38 IST" duration-ms="25233">
      <class name="defibrillatorpagetesting.TestingOfDefibrillatorpage">
        <test-method is-config="true" signature="setUp()[pri:0, instance:defibrillatorpagetesting.TestingOfDefibrillatorpage@7fd7a283]" started-at="2024-08-28T14:53:13 IST" name="setUp" finished-at="2024-08-28T14:53:14 IST" duration-ms="913" status="PASS">
          <reporter-output>
          </reporter-output>
        </test-method> <!-- setUp -->
        <test-method signature="purchaseKitAndPayment()[pri:0, instance:defibrillatorpagetesting.TestingOfDefibrillatorpage@7fd7a283]" started-at="2024-08-28T14:53:14 IST" name="purchaseKitAndPayment" finished-at="2024-08-28T14:53:28 IST" duration-ms="14256" status="PASS">
          <reporter-output>
          </reporter-output>
        </test-method> <!-- purchaseKitAndPayment -->
        <test-method is-config="true" signature="tearDown()[pri:0, instance:defibrillatorpagetesting.TestingOfDefibrillatorpage@7fd7a283]" started-at="2024-08-28T14:53:28 IST" name="tearDown" finished-at="2024-08-28T14:53:38 IST" duration-ms="10041" status="PASS">
          <reporter-output>
          </reporter-output>
        </test-method> <!-- tearDown -->
      </class> <!-- defibrillatorpagetesting.TestingOfDefibrillatorpage -->
    </test> <!-- Default test -->
  </suite> <!-- Default suite -->
</testng-results>
